bin/run: 1: bin/run: source: not found
Started webcam server with arguments: Namespace(camera='pi', host='0.0.0.0', port=1629)
Traceback (most recent call last):
  File "main.py", line 50, in <module>
    main()
  File "main.py", line 26, in main
    webcam = create_camera(namespace.camera)
  File "main.py", line 40, in create_camera
    from camera.pi import PiCamera as Camera
  File "/home/pirate/picam/camera/pi.py", line 2, in <module>
    from picamera import PiCamera as PiCam
ImportError: No module named 'picamera'
bin/run: 1: bin/run: source: not found
Started webcam server with arguments: Namespace(camera='pi', host='0.0.0.0', port=1629)
Traceback (most recent call last):
  File "main.py", line 50, in <module>
    main()
  File "main.py", line 26, in main
    webcam = create_camera(namespace.camera)
  File "main.py", line 40, in create_camera
    from camera.pi import PiCamera as Camera
  File "/home/pirate/picam/camera/pi.py", line 2, in <module>
    from picamera import PiCamera as PiCam
ImportError: No module named 'picamera'
